<?xml version="1.0" encoding="UTF-8"?>
<testng-results skipped="0" failed="0" total="2" passed="2">
  <reporter-output>
  </reporter-output>
  <suite name="Suite" duration-ms="10561" started-at="2019-03-06T11:36:50Z" finished-at="2019-03-06T11:37:00Z">
    <groups>
    </groups>
    <test name="Test" duration-ms="10561" started-at="2019-03-06T11:36:50Z" finished-at="2019-03-06T11:37:00Z">
      <class name="SeleniumGridPractice.SeleniumGridPractice.SeleniumGridUsingFireFox">
        <test-method status="PASS" signature="setUp()[pri:0, instance:SeleniumGridPractice.SeleniumGridPractice.SeleniumGridUsingFireFox@5034c75a]" name="setUp" is-config="true" duration-ms="4517" started-at="2019-03-06T17:06:50Z" finished-at="2019-03-06T17:06:54Z">
          <reporter-output>
          </reporter-output>
        </test-method> <!-- setUp -->
        <test-method status="PASS" signature="simpleTest()[pri:0, instance:SeleniumGridPractice.SeleniumGridPractice.SeleniumGridUsingFireFox@5034c75a]" name="simpleTest" duration-ms="3679" started-at="2019-03-06T17:06:54Z" finished-at="2019-03-06T17:06:58Z">
          <reporter-output>
          </reporter-output>
        </test-method> <!-- simpleTest -->
        <test-method status="PASS" signature="simpleTest2()[pri:0, instance:SeleniumGridPractice.SeleniumGridPractice.SeleniumGridUsingFireFox@5034c75a]" name="simpleTest2" duration-ms="1003" started-at="2019-03-06T17:06:58Z" finished-at="2019-03-06T17:06:59Z">
          <reporter-output>
          </reporter-output>
        </test-method> <!-- simpleTest2 -->
        <test-method status="PASS" signature="afterTest()[pri:0, instance:SeleniumGridPractice.SeleniumGridPractice.SeleniumGridUsingFireFox@5034c75a]" name="afterTest" is-config="true" duration-ms="1348" started-at="2019-03-06T17:06:59Z" finished-at="2019-03-06T17:07:00Z">
          <reporter-output>
          </reporter-output>
        </test-method> <!-- afterTest -->
      </class> <!-- SeleniumGridPractice.SeleniumGridPractice.SeleniumGridUsingFireFox -->
    </test> <!-- Test -->
  </suite> <!-- Suite -->
</testng-results>
