<?xml version="1.0" encoding="UTF-8"?>
<!-- Generated by org.testng.reporters.JUnitXMLReporter -->
<testsuite hostname="CGGDESKFF05" name="Test" tests="2" failures="0" timestamp="6 Mar 2019 11:37:00 GMT" time="10.561" errors="0">
  <testcase name="simpleTest" time="3.679" classname="SeleniumGridPractice.SeleniumGridPractice.SeleniumGridUsingFireFox"/>
  <testcase name="simpleTest2" time="1.003" classname="SeleniumGridPractice.SeleniumGridPractice.SeleniumGridUsingFireFox"/>
</testsuite> <!-- Test -->
