<?xml version="1.0" encoding="UTF-8"?>
<!-- Generated by org.testng.reporters.JUnitXMLReporter -->
<testsuite hostname="CGGDESKFF05" name="Default test" tests="2" failures="0" timestamp="6 Mar 2019 11:35:11 GMT" time="10.503" errors="0">
  <testcase name="simpleTest" time="3.07" classname="SeleniumGridPractice.SeleniumGridPractice.SeleniumGridUsingFireFox"/>
  <testcase name="simpleTest2" time="0.942" classname="SeleniumGridPractice.SeleniumGridPractice.SeleniumGridUsingFireFox"/>
</testsuite> <!-- Default test -->
